<?xml version="1.0" encoding="UTF-8"?>
<coverage generated="1524007269013" clover="3.2.0">
  <project timestamp="1524007269013" name="All files">
    <metrics statements="30" coveredstatements="30" conditionals="21" coveredconditionals="21" methods="5" coveredmethods="5" elements="56" coveredelements="56" complexity="0" loc="30" ncloc="30" packages="1" files="1" classes="1">
      <file name="index.js" path="C:\env\git\github-react-app\src\utils\pagination\index.js">
        <metrics statements="30" coveredstatements="30" conditionals="21" coveredconditionals="21" methods="5" coveredmethods="5"/>
        <line num="3" count="1" type="stmt"/>
        <line num="4" count="42" type="cond" truecount="2" falsecount="0"/>
        <line num="9" count="1" type="cond" truecount="3" falsecount="0"/>
        <line num="11" count="21" type="cond" truecount="2" falsecount="0"/>
        <line num="12" count="1" type="stmt"/>
        <line num="15" count="20" type="cond" truecount="2" falsecount="0"/>
        <line num="16" count="1" type="stmt"/>
        <line num="19" count="19" type="cond" truecount="2" falsecount="0"/>
        <line num="20" count="10" type="stmt"/>
        <line num="23" count="14" type="stmt"/>
        <line num="25" count="14" type="stmt"/>
        <line num="27" count="42" type="stmt"/>
        <line num="31" count="70" type="stmt"/>
        <line num="33" count="14" type="stmt"/>
        <line num="34" count="14" type="stmt"/>
        <line num="36" count="14" type="cond" truecount="2" falsecount="0"/>
        <line num="37" count="2" type="stmt"/>
        <line num="44" count="14" type="stmt"/>
        <line num="45" count="14" type="stmt"/>
        <line num="47" count="14" type="cond" truecount="2" falsecount="0"/>
        <line num="48" count="6" type="stmt"/>
        <line num="55" count="14" type="stmt"/>
        <line num="56" count="14" type="stmt"/>
        <line num="58" count="14" type="cond" truecount="2" falsecount="0"/>
        <line num="59" count="2" type="stmt"/>
        <line num="66" count="14" type="stmt"/>
        <line num="67" count="14" type="stmt"/>
        <line num="68" count="14" type="cond" truecount="2" falsecount="0"/>
        <line num="69" count="6" type="stmt"/>
        <line num="76" count="14" type="stmt"/>
      </file>
    </metrics>
  </project>
</coverage>
