{"C:\\env\\git\\github-react-app\\src\\utils\\pagination\\index.js": {"path":"C:\\env\\git\\github-react-app\\src\\utils\\pagination\\index.js","statementMap":{"0":{"start":{"line":3,"column":19},"end":{"line":7,"column":1}},"1":{"start":{"line":4,"column":2},"end":{"line":6,"column":39}},"2":{"start":{"line":9,"column":19},"end":{"line":77,"column":1}},"3":{"start":{"line":11,"column":2},"end":{"line":13,"column":3}},"4":{"start":{"line":12,"column":4},"end":{"line":12,"column":51}},"5":{"start":{"line":15,"column":2},"end":{"line":17,"column":3}},"6":{"start":{"line":16,"column":4},"end":{"line":16,"column":56}},"7":{"start":{"line":19,"column":2},"end":{"line":21,"column":3}},"8":{"start":{"line":20,"column":4},"end":{"line":20,"column":57}},"9":{"start":{"line":20,"column":51},"end":{"line":20,"column":56}},"10":{"start":{"line":23,"column":23},"end":{"line":23,"column":24}},"11":{"start":{"line":25,"column":14},"end":{"line":29,"column":3}},"12":{"start":{"line":27,"column":54},"end":{"line":27,"column":91}},"13":{"start":{"line":31,"column":2},"end":{"line":31,"column":77}},"14":{"start":{"line":31,"column":47},"end":{"line":31,"column":76}},"15":{"start":{"line":33,"column":18},"end":{"line":33,"column":26}},"16":{"start":{"line":34,"column":19},"end":{"line":34,"column":27}},"17":{"start":{"line":36,"column":2},"end":{"line":42,"column":3}},"18":{"start":{"line":37,"column":4},"end":{"line":41,"column":5}},"19":{"start":{"line":44,"column":2},"end":{"line":44,"column":22}},"20":{"start":{"line":45,"column":2},"end":{"line":45,"column":23}},"21":{"start":{"line":47,"column":2},"end":{"line":53,"column":3}},"22":{"start":{"line":48,"column":4},"end":{"line":52,"column":5}},"23":{"start":{"line":55,"column":24},"end":{"line":55,"column":47}},"24":{"start":{"line":56,"column":17},"end":{"line":56,"column":40}},"25":{"start":{"line":58,"column":2},"end":{"line":64,"column":3}},"26":{"start":{"line":59,"column":4},"end":{"line":63,"column":5}},"27":{"start":{"line":66,"column":2},"end":{"line":66,"column":43}},"28":{"start":{"line":67,"column":2},"end":{"line":67,"column":36}},"29":{"start":{"line":68,"column":2},"end":{"line":74,"column":3}},"30":{"start":{"line":69,"column":4},"end":{"line":73,"column":5}},"31":{"start":{"line":76,"column":2},"end":{"line":76,"column":14}}},"fnMap":{"0":{"name":"(anonymous_0)","decl":{"start":{"line":3,"column":19},"end":{"line":3,"column":20}},"loc":{"start":{"line":3,"column":46},"end":{"line":7,"column":1}},"line":3},"1":{"name":"(anonymous_1)","decl":{"start":{"line":9,"column":19},"end":{"line":9,"column":20}},"loc":{"start":{"line":9,"column":59},"end":{"line":77,"column":1}},"line":9},"2":{"name":"(anonymous_2)","decl":{"start":{"line":20,"column":41},"end":{"line":20,"column":42}},"loc":{"start":{"line":20,"column":51},"end":{"line":20,"column":56}},"line":20},"3":{"name":"(anonymous_3)","decl":{"start":{"line":27,"column":44},"end":{"line":27,"column":45}},"loc":{"start":{"line":27,"column":54},"end":{"line":27,"column":91}},"line":27},"4":{"name":"(anonymous_4)","decl":{"start":{"line":31,"column":23},"end":{"line":31,"column":24}},"loc":{"start":{"line":31,"column":47},"end":{"line":31,"column":76}},"line":31}},"branchMap":{"0":{"loc":{"start":{"line":4,"column":9},"end":{"line":6,"column":39}},"type":"cond-expr","locations":[{"start":{"line":5,"column":6},"end":{"line":5,"column":7}},{"start":{"line":5,"column":10},"end":{"line":6,"column":39}}],"line":4},"1":{"loc":{"start":{"line":5,"column":10},"end":{"line":6,"column":39}},"type":"cond-expr","locations":[{"start":{"line":6,"column":8},"end":{"line":6,"column":22}},{"start":{"line":6,"column":25},"end":{"line":6,"column":39}}],"line":5},"2":{"loc":{"start":{"line":9,"column":20},"end":{"line":9,"column":54}},"type":"default-arg","locations":[{"start":{"line":9,"column":52},"end":{"line":9,"column":54}}],"line":9},"3":{"loc":{"start":{"line":9,"column":22},"end":{"line":9,"column":31}},"type":"default-arg","locations":[{"start":{"line":9,"column":30},"end":{"line":9,"column":31}}],"line":9},"4":{"loc":{"start":{"line":9,"column":33},"end":{"line":9,"column":47}},"type":"default-arg","locations":[{"start":{"line":9,"column":46},"end":{"line":9,"column":47}}],"line":9},"5":{"loc":{"start":{"line":11,"column":2},"end":{"line":13,"column":3}},"type":"if","locations":[{"start":{"line":11,"column":2},"end":{"line":13,"column":3}},{"start":{"line":11,"column":2},"end":{"line":13,"column":3}}],"line":11},"6":{"loc":{"start":{"line":15,"column":2},"end":{"line":17,"column":3}},"type":"if","locations":[{"start":{"line":15,"column":2},"end":{"line":17,"column":3}},{"start":{"line":15,"column":2},"end":{"line":17,"column":3}}],"line":15},"7":{"loc":{"start":{"line":19,"column":2},"end":{"line":21,"column":3}},"type":"if","locations":[{"start":{"line":19,"column":2},"end":{"line":21,"column":3}},{"start":{"line":19,"column":2},"end":{"line":21,"column":3}}],"line":19},"8":{"loc":{"start":{"line":36,"column":2},"end":{"line":42,"column":3}},"type":"if","locations":[{"start":{"line":36,"column":2},"end":{"line":42,"column":3}},{"start":{"line":36,"column":2},"end":{"line":42,"column":3}}],"line":36},"9":{"loc":{"start":{"line":47,"column":2},"end":{"line":53,"column":3}},"type":"if","locations":[{"start":{"line":47,"column":2},"end":{"line":53,"column":3}},{"start":{"line":47,"column":2},"end":{"line":53,"column":3}}],"line":47},"10":{"loc":{"start":{"line":58,"column":2},"end":{"line":64,"column":3}},"type":"if","locations":[{"start":{"line":58,"column":2},"end":{"line":64,"column":3}},{"start":{"line":58,"column":2},"end":{"line":64,"column":3}}],"line":58},"11":{"loc":{"start":{"line":68,"column":2},"end":{"line":74,"column":3}},"type":"if","locations":[{"start":{"line":68,"column":2},"end":{"line":74,"column":3}},{"start":{"line":68,"column":2},"end":{"line":74,"column":3}}],"line":68}},"s":{"0":1,"1":42,"2":1,"3":21,"4":1,"5":20,"6":1,"7":19,"8":5,"9":10,"10":14,"11":14,"12":42,"13":14,"14":70,"15":14,"16":14,"17":14,"18":2,"19":14,"20":14,"21":14,"22":6,"23":14,"24":14,"25":14,"26":2,"27":14,"28":14,"29":14,"30":6,"31":14},"f":{"0":42,"1":21,"2":10,"3":42,"4":70},"b":{"0":[9,33],"1":[6,27],"2":[1],"3":[2],"4":[3],"5":[1,20],"6":[1,19],"7":[5,14],"8":[2,12],"9":[6,8],"10":[2,12],"11":[6,8]},"_coverageSchema":"332fd63041d2c1bcb487cc26dd0d5f7d97098a6c","hash":"8aa3e511059362a1637e978a6ff9bdc9be759418"}
}
