TN:
SF:C:\env\git\github-react-app\src\utils\pagination\index.js
FN:3,(anonymous_0)
FN:9,(anonymous_1)
FN:20,(anonymous_2)
FN:27,(anonymous_3)
FN:31,(anonymous_4)
FNF:5
FNH:5
FNDA:42,(anonymous_0)
FNDA:21,(anonymous_1)
FNDA:10,(anonymous_2)
FNDA:42,(anonymous_3)
FNDA:70,(anonymous_4)
DA:3,1
DA:4,42
DA:9,1
DA:11,21
DA:12,1
DA:15,20
DA:16,1
DA:19,19
DA:20,10
DA:23,14
DA:25,14
DA:27,42
DA:31,70
DA:33,14
DA:34,14
DA:36,14
DA:37,2
DA:44,14
DA:45,14
DA:47,14
DA:48,6
DA:55,14
DA:56,14
DA:58,14
DA:59,2
DA:66,14
DA:67,14
DA:68,14
DA:69,6
DA:76,14
LF:30
LH:30
BRDA:4,0,0,9
BRDA:4,0,1,33
BRDA:5,1,0,6
BRDA:5,1,1,27
BRDA:9,2,0,1
BRDA:9,3,0,2
BRDA:9,4,0,3
BRDA:11,5,0,1
BRDA:11,5,1,20
BRDA:15,6,0,1
BRDA:15,6,1,19
BRDA:19,7,0,5
BRDA:19,7,1,14
BRDA:36,8,0,2
BRDA:36,8,1,12
BRDA:47,9,0,6
BRDA:47,9,1,8
BRDA:58,10,0,2
BRDA:58,10,1,12
BRDA:68,11,0,6
BRDA:68,11,1,8
BRF:21
BRH:21
end_of_record
